<?xml version="1.0" encoding="UTF-8"?>
<testsuite name="build_main_file_tests.TweetTest-20211212200051" tests="2" file="build_main_file_tests.py" time="0.003" timestamp="2021-12-12T20:00:51" failures="0" errors="0" skipped="0">
	<testcase classname="build_main_file_tests.TweetTest" name="test_example" time="0.002" timestamp="2021-12-12T20:00:51"/>
	<testcase classname="build_main_file_tests.TweetTest" name="test_example2" time="0.001" timestamp="2021-12-12T20:00:51"/>
</testsuite>
